This is pdfTeX, Version 3.14159265-2.6-1.40.21 (MiKTeX 2.9.7380 64-bit) (preloaded format=pdflatex 2021.6.23)  1 JUL 2021 20:23
entering extended mode
**./report_mqtt_exercise.tex
(report_mqtt_exercise.tex
LaTeX2e <2020-02-02> patch level 5
L3 programming layer <2020-03-06> (IEEEtran.cls
Document Class: IEEEtran 2015/08/26 V1.8b by Michael Shell
-- See the "IEEEtran_HOWTO" manual for usage information.
-- http://www.michaelshell.org/tex/ieeetran/
\@IEEEtrantmpdimenA=\dimen134
\@IEEEtrantmpdimenB=\dimen135
\@IEEEtrantmpdimenC=\dimen136
\@IEEEtrantmpcountA=\count167
\@IEEEtrantmpcountB=\count168
\@IEEEtrantmpcountC=\count169
\@IEEEtrantmptoksA=\toks15
LaTeX Font Info:    Trying to load font information for OT1+ptm on input line 5
03.
("C:\Users\bened\AppData\Local\Programs\MiKTeX 2.9\tex/latex/psnfss\ot1ptm.fd"
File: ot1ptm.fd 2001/06/04 font definitions for OT1/ptm.
)
-- Using 8.5in x 11in (letter) paper.
-- Using PDF output.
\@IEEEnormalsizeunitybaselineskip=\dimen137
-- This is a 10 point document.
\CLASSINFOnormalsizebaselineskip=\dimen138
\CLASSINFOnormalsizeunitybaselineskip=\dimen139
\IEEEnormaljot=\dimen140
LaTeX Font Info:    Font shape `OT1/ptm/bx/n' in size <5> not available
(Font)              Font shape `OT1/ptm/b/n' tried instead on input line 1090.
LaTeX Font Info:    Font shape `OT1/ptm/bx/it' in size <5> not available
(Font)              Font shape `OT1/ptm/b/it' tried instead on input line 1090.

LaTeX Font Info:    Font shape `OT1/ptm/bx/n' in size <7> not available
(Font)              Font shape `OT1/ptm/b/n' tried instead on input line 1090.
LaTeX Font Info:    Font shape `OT1/ptm/bx/it' in size <7> not available
(Font)              Font shape `OT1/ptm/b/it' tried instead on input line 1090.

LaTeX Font Info:    Font shape `OT1/ptm/bx/n' in size <8> not available
(Font)              Font shape `OT1/ptm/b/n' tried instead on input line 1090.
LaTeX Font Info:    Font shape `OT1/ptm/bx/it' in size <8> not available
(Font)              Font shape `OT1/ptm/b/it' tried instead on input line 1090.

LaTeX Font Info:    Font shape `OT1/ptm/bx/n' in size <9> not available
(Font)              Font shape `OT1/ptm/b/n' tried instead on input line 1090.
LaTeX Font Info:    Font shape `OT1/ptm/bx/it' in size <9> not available
(Font)              Font shape `OT1/ptm/b/it' tried instead on input line 1090.

LaTeX Font Info:    Font shape `OT1/ptm/bx/n' in size <10> not available
(Font)              Font shape `OT1/ptm/b/n' tried instead on input line 1090.
LaTeX Font Info:    Font shape `OT1/ptm/bx/it' in size <10> not available
(Font)              Font shape `OT1/ptm/b/it' tried instead on input line 1090.

LaTeX Font Info:    Font shape `OT1/ptm/bx/n' in size <11> not available
(Font)              Font shape `OT1/ptm/b/n' tried instead on input line 1090.
LaTeX Font Info:    Font shape `OT1/ptm/bx/it' in size <11> not available
(Font)              Font shape `OT1/ptm/b/it' tried instead on input line 1090.

LaTeX Font Info:    Font shape `OT1/ptm/bx/n' in size <12> not available
(Font)              Font shape `OT1/ptm/b/n' tried instead on input line 1090.
LaTeX Font Info:    Font shape `OT1/ptm/bx/it' in size <12> not available
(Font)              Font shape `OT1/ptm/b/it' tried instead on input line 1090.

LaTeX Font Info:    Font shape `OT1/ptm/bx/n' in size <17> not available
(Font)              Font shape `OT1/ptm/b/n' tried instead on input line 1090.
LaTeX Font Info:    Font shape `OT1/ptm/bx/it' in size <17> not available
(Font)              Font shape `OT1/ptm/b/it' tried instead on input line 1090.

LaTeX Font Info:    Font shape `OT1/ptm/bx/n' in size <20> not available
(Font)              Font shape `OT1/ptm/b/n' tried instead on input line 1090.
LaTeX Font Info:    Font shape `OT1/ptm/bx/it' in size <20> not available
(Font)              Font shape `OT1/ptm/b/it' tried instead on input line 1090.

LaTeX Font Info:    Font shape `OT1/ptm/bx/n' in size <24> not available
(Font)              Font shape `OT1/ptm/b/n' tried instead on input line 1090.
LaTeX Font Info:    Font shape `OT1/ptm/bx/it' in size <24> not available
(Font)              Font shape `OT1/ptm/b/it' tried instead on input line 1090.

\IEEEquantizedlength=\dimen141
\IEEEquantizedlengthdiff=\dimen142
\IEEEquantizedtextheightdiff=\dimen143
\IEEEilabelindentA=\dimen144
\IEEEilabelindentB=\dimen145
\IEEEilabelindent=\dimen146
\IEEEelabelindent=\dimen147
\IEEEdlabelindent=\dimen148
\IEEElabelindent=\dimen149
\IEEEiednormlabelsep=\dimen150
\IEEEiedmathlabelsep=\dimen151
\IEEEiedtopsep=\skip47
\c@section=\count170
\c@subsection=\count171
\c@subsubsection=\count172
\c@paragraph=\count173
\c@IEEEsubequation=\count174
\abovecaptionskip=\skip48
\belowcaptionskip=\skip49
\c@figure=\count175
\c@table=\count176
\@IEEEeqnnumcols=\count177
\@IEEEeqncolcnt=\count178
\@IEEEsubeqnnumrollback=\count179
\@IEEEquantizeheightA=\dimen152
\@IEEEquantizeheightB=\dimen153
\@IEEEquantizeheightC=\dimen154
\@IEEEquantizeprevdepth=\dimen155
\@IEEEquantizemultiple=\count180
\@IEEEquantizeboxA=\box45
\@IEEEtmpitemindent=\dimen156
\IEEEPARstartletwidth=\dimen157
\c@IEEEbiography=\count181
\@IEEEtranrubishbin=\box46
)
** ATTENTION: Overriding command lockouts (line 2).
("C:\Users\bened\AppData\Local\Programs\MiKTeX 2.9\tex/latex/cite\cite.sty"
LaTeX Info: Redefining \cite on input line 302.
LaTeX Info: Redefining \nocite on input line 332.
Package: cite 2015/02/27  v 5.5
)
("C:\Users\bened\AppData\Local\Programs\MiKTeX 2.9\tex/latex/amsmath\amsmath.st
y"
Package: amsmath 2020/01/20 v2.17e AMS math features
\@mathmargin=\skip50

For additional information on amsmath, use the `?' option.

("C:\Users\bened\AppData\Local\Programs\MiKTeX 2.9\tex/latex/amsmath\amstext.st
y"
Package: amstext 2000/06/29 v2.01 AMS text

("C:\Users\bened\AppData\Local\Programs\MiKTeX 2.9\tex/latex/amsmath\amsgen.sty
"
File: amsgen.sty 1999/11/30 v2.0 generic functions
\@emptytoks=\toks16
\ex@=\dimen158
))
("C:\Users\bened\AppData\Local\Programs\MiKTeX 2.9\tex/latex/amsmath\amsbsy.sty
"
Package: amsbsy 1999/11/29 v1.2d Bold Symbols
\pmbraise@=\dimen159
)
("C:\Users\bened\AppData\Local\Programs\MiKTeX 2.9\tex/latex/amsmath\amsopn.sty
"
Package: amsopn 2016/03/08 v2.02 operator names
)
\inf@bad=\count182
LaTeX Info: Redefining \frac on input line 227.
\uproot@=\count183
\leftroot@=\count184
LaTeX Info: Redefining \overline on input line 389.
\classnum@=\count185
\DOTSCASE@=\count186
LaTeX Info: Redefining \ldots on input line 486.
LaTeX Info: Redefining \dots on input line 489.
LaTeX Info: Redefining \cdots on input line 610.
\Mathstrutbox@=\box47
\strutbox@=\box48
\big@size=\dimen160
LaTeX Font Info:    Redeclaring font encoding OML on input line 733.
LaTeX Font Info:    Redeclaring font encoding OMS on input line 734.
\macc@depth=\count187
\c@MaxMatrixCols=\count188
\dotsspace@=\muskip16
\c@parentequation=\count189
\dspbrk@lvl=\count190
\tag@help=\toks17
\row@=\count191
\column@=\count192
\maxfields@=\count193
\andhelp@=\toks18
\eqnshift@=\dimen161
\alignsep@=\dimen162
\tagshift@=\dimen163
\tagwidth@=\dimen164
\totwidth@=\dimen165
\lineht@=\dimen166
\@envbody=\toks19
\multlinegap=\skip51
\multlinetaggap=\skip52
\mathdisplay@stack=\toks20
LaTeX Info: Redefining \[ on input line 2859.
LaTeX Info: Redefining \] on input line 2860.
)
("C:\Users\bened\AppData\Local\Programs\MiKTeX 2.9\tex/latex/amsfonts\amssymb.s
ty"
Package: amssymb 2013/01/14 v3.01 AMS font symbols

("C:\Users\bened\AppData\Local\Programs\MiKTeX 2.9\tex/latex/amsfonts\amsfonts.
sty"
Package: amsfonts 2013/01/14 v3.01 Basic AMSFonts support
\symAMSa=\mathgroup4
\symAMSb=\mathgroup5
LaTeX Font Info:    Redeclaring math symbol \hbar on input line 98.
LaTeX Font Info:    Overwriting math alphabet `\mathfrak' in version `bold'
(Font)                  U/euf/m/n --> U/euf/b/n on input line 106.
))
("C:\Users\bened\AppData\Local\Programs\MiKTeX 2.9\tex/latex/algorithms\algorit
hmic.sty"
Package: algorithmic 2009/08/24 v0.1 Document Style `algorithmic'

("C:\Users\bened\AppData\Local\Programs\MiKTeX 2.9\tex/latex/base\ifthen.sty"
Package: ifthen 2014/09/29 v1.1c Standard LaTeX ifthen package (DPC)
)
("C:\Users\bened\AppData\Local\Programs\MiKTeX 2.9\tex/latex/graphics\keyval.st
y"
Package: keyval 2014/10/28 v1.15 key=value parser (DPC)
\KV@toks@=\toks21
)
\c@ALC@unique=\count194
\c@ALC@line=\count195
\c@ALC@rem=\count196
\c@ALC@depth=\count197
\ALC@tlm=\skip53
\algorithmicindent=\skip54
)
("C:\Users\bened\AppData\Local\Programs\MiKTeX 2.9\tex/latex/graphics\graphicx.
sty"
Package: graphicx 2019/11/30 v1.2a Enhanced LaTeX Graphics (DPC,SPQR)

("C:\Users\bened\AppData\Local\Programs\MiKTeX 2.9\tex/latex/graphics\graphics.
sty"
Package: graphics 2019/11/30 v1.4a Standard LaTeX Graphics (DPC,SPQR)

("C:\Users\bened\AppData\Local\Programs\MiKTeX 2.9\tex/latex/graphics\trig.sty"
Package: trig 2016/01/03 v1.10 sin cos tan (DPC)
)
("C:\Users\bened\AppData\Local\Programs\MiKTeX 2.9\tex/latex/graphics-cfg\graph
ics.cfg"
File: graphics.cfg 2016/06/04 v1.11 sample graphics configuration
)
Package graphics Info: Driver file: pdftex.def on input line 105.

("C:\Users\bened\AppData\Local\Programs\MiKTeX 2.9\tex/latex/graphics-def\pdfte
x.def"
File: pdftex.def 2018/01/08 v1.0l Graphics/color driver for pdftex
))
\Gin@req@height=\dimen167
\Gin@req@width=\dimen168
)
("C:\Users\bened\AppData\Local\Programs\MiKTeX 2.9\tex/latex/base\textcomp.sty"
Package: textcomp 2020/02/02 v2.0n Standard LaTeX package
) ("C:\Users\bened\AppData\Local\Programs\MiKTeX 2.9\tex/latex/xcolor\xcolor.st
y"
Package: xcolor 2016/05/11 v2.12 LaTeX color extensions (UK)

("C:\Users\bened\AppData\Local\Programs\MiKTeX 2.9\tex/latex/graphics-cfg\color
.cfg"
File: color.cfg 2016/01/02 v1.6 sample color configuration
)
Package xcolor Info: Driver file: pdftex.def on input line 225.
Package xcolor Info: Model `cmy' substituted by `cmy0' on input line 1348.
Package xcolor Info: Model `hsb' substituted by `rgb' on input line 1352.
Package xcolor Info: Model `RGB' extended on input line 1364.
Package xcolor Info: Model `HTML' substituted by `rgb' on input line 1366.
Package xcolor Info: Model `Hsb' substituted by `hsb' on input line 1367.
Package xcolor Info: Model `tHsb' substituted by `hsb' on input line 1368.
Package xcolor Info: Model `HSB' substituted by `hsb' on input line 1369.
Package xcolor Info: Model `Gray' substituted by `gray' on input line 1370.
Package xcolor Info: Model `wave' substituted by `hsb' on input line 1371.
)
("C:\Users\bened\AppData\Local\Programs\MiKTeX 2.9\tex/latex/listings\listings.
sty"
\lst@mode=\count198
\lst@gtempboxa=\box49
\lst@token=\toks22
\lst@length=\count199
\lst@currlwidth=\dimen169
\lst@column=\count266
\lst@pos=\count267
\lst@lostspace=\dimen170
\lst@width=\dimen171
\lst@newlines=\count268
\lst@lineno=\count269
\lst@maxwidth=\dimen172

("C:\Users\bened\AppData\Local\Programs\MiKTeX 2.9\tex/latex/listings\lstmisc.s
ty"
File: lstmisc.sty 2020/03/24 1.8d (Carsten Heinz)
\c@lstnumber=\count270
\lst@skipnumbers=\count271
\lst@framebox=\box50
)
("C:\Users\bened\AppData\Local\Programs\MiKTeX 2.9\tex/latex/listings\listings.
cfg"
File: listings.cfg 2020/03/24 1.8d listings configuration
))
Package: listings 2020/03/24 1.8d (Carsten Heinz)

("C:\Users\bened\AppData\Local\Programs\MiKTeX 2.9\tex/latex/l3backend\l3backen
d-pdfmode.def"
File: l3backend-pdfmode.def 2020-03-12 L3 backend support: PDF mode
\l__kernel_color_stack_int=\count272
\l__pdf_internal_box=\box51
) (report_mqtt_exercise.aux

LaTeX Warning: Label `lst:code_direct' multiply defined.


LaTeX Warning: Label `lst:code_direct' multiply defined.


LaTeX Warning: Label `lst:code_direct' multiply defined.


LaTeX Warning: Label `lst:code_direct' multiply defined.


LaTeX Warning: Label `lst:code_direct' multiply defined.


LaTeX Warning: Label `lst:code_direct' multiply defined.

)
\openout1 = `report_mqtt_exercise.aux'.

LaTeX Font Info:    Checking defaults for OML/cmm/m/it on input line 18.
LaTeX Font Info:    ... okay on input line 18.
LaTeX Font Info:    Checking defaults for OMS/cmsy/m/n on input line 18.
LaTeX Font Info:    ... okay on input line 18.
LaTeX Font Info:    Checking defaults for OT1/cmr/m/n on input line 18.
LaTeX Font Info:    ... okay on input line 18.
LaTeX Font Info:    Checking defaults for T1/cmr/m/n on input line 18.
LaTeX Font Info:    ... okay on input line 18.
LaTeX Font Info:    Checking defaults for TS1/cmr/m/n on input line 18.
LaTeX Font Info:    ... okay on input line 18.
LaTeX Font Info:    Checking defaults for OMX/cmex/m/n on input line 18.
LaTeX Font Info:    ... okay on input line 18.
LaTeX Font Info:    Checking defaults for U/cmr/m/n on input line 18.
LaTeX Font Info:    ... okay on input line 18.

-- Lines per column: 56 (exact).

("C:\Users\bened\AppData\Local\Programs\MiKTeX 2.9\tex/context/base/mkii\supp-p
df.mkii"
[Loading MPS to PDF converter (version 2006.09.02).]
\scratchcounter=\count273
\scratchdimen=\dimen173
\scratchbox=\box52
\nofMPsegments=\count274
\nofMParguments=\count275
\everyMPshowfont=\toks23
\MPscratchCnt=\count276
\MPscratchDim=\dimen174
\MPnumerator=\count277
\makeMPintoPDFobject=\count278
\everyMPtoPDFconversion=\toks24
)
("C:\Users\bened\AppData\Local\Programs\MiKTeX 2.9\tex/latex/epstopdf-pkg\epsto
pdf-base.sty"
Package: epstopdf-base 2020-01-24 v2.11 Base part for package epstopdf
Package epstopdf-base Info: Redefining graphics rule for `.eps' on input line 4
85.

("C:\Users\bened\AppData\Local\Programs\MiKTeX 2.9\tex/latex/00miktex\epstopdf-
sys.cfg"
File: epstopdf-sys.cfg 2021/03/18 v2.0 Configuration of epstopdf for MiKTeX
))
\c@lstlisting=\count279

("C:\Users\bened\AppData\Local\Programs\MiKTeX 2.9\tex/latex/listings\lstlang1.
sty"
File: lstlang1.sty 2020/03/24 1.8d listings language file
)
LaTeX Font Info:    Trying to load font information for U+msa on input line 73.


("C:\Users\bened\AppData\Local\Programs\MiKTeX 2.9\tex/latex/amsfonts\umsa.fd"
File: umsa.fd 2013/01/14 v3.01 AMS symbols A
)
LaTeX Font Info:    Trying to load font information for U+msb on input line 73.

("C:\Users\bened\AppData\Local\Programs\MiKTeX 2.9\tex/latex/amsfonts\umsb.fd"
File: umsb.fd 2013/01/14 v3.01 AMS symbols B
)
LaTeX Font Info:    Calculating math sizes for size <11> on input line 73.
(server.tex
LaTeX Font Info:    Trying to load font information for OT1+phv on input line 1
4.

("C:\Users\bened\AppData\Local\Programs\MiKTeX 2.9\tex/latex/psnfss\ot1phv.fd"
File: ot1phv.fd 2001/06/04 scalable font definitions for OT1/phv.


LaTeX Warning: Font shape declaration has incorrect series value `mc'.
               It should not contain an `m'! Please correct it.
               Found on input line 21.


LaTeX Warning: Font shape declaration has incorrect series value `mc'.
               It should not contain an `m'! Please correct it.
               Found on input line 24.


LaTeX Warning: Font shape declaration has incorrect series value `mc'.
               It should not contain an `m'! Please correct it.
               Found on input line 27.


LaTeX Warning: Font shape declaration has incorrect series value `mc'.
               It should not contain an `m'! Please correct it.
               Found on input line 47.

)
Underfull \hbox (badness 2261) in paragraph at lines 13--15
\OT1/ptm/m/n/10 ak-tiven, freien Fahrzeuge auszuw[]ahlen und an-der-er-seits,
 []


Underfull \hbox (badness 1418) in paragraph at lines 13--15
\OT1/ptm/m/n/10 Clients reagieren zu k[]onnen, muss der ini-tia-tive Schritt
 []


Underfull \hbox (badness 10000) in paragraph at lines 13--15
\OT1/ptm/m/n/10 durch den Client er-fol-gen. Zur Reg-istrierung sendet
 []


Underfull \hbox (badness 2096) in paragraph at lines 13--15
\OT1/ptm/m/n/10 der Client eine Nachricht mit-tels MQTT-Protokoll []uber
 []


Underfull \hbox (badness 5036) in paragraph at lines 13--15
\OT1/ptm/m/n/10 die Adressen des Users oder der Fahrzeug-typen mit
 []


Underfull \hbox (badness 10000) in paragraph at lines 13--15
\OT1/ptm/m/n/10 dem er-sten Teil \OT1/phv/m/n/10 "adresse = hsh-l/mqtt[]exercis
e/"
 []


Underfull \hbox (badness 6775) in paragraph at lines 13--15
\OT1/ptm/m/n/10 und der En-dung des jew-eili-gen Fahrzeug-typen, also:
 []


Underfull \hbox (badness 10000) in paragraph at lines 13--15
\OT1/phv/m/n/10 "user,taxi,police,firefighter,ambulance" \OT1/ptm/m/n/10 an den
 Server.
 []


Underfull \hbox (badness 1983) in paragraph at lines 21--23
\OT1/ptm/m/n/10 Zuord-nung der Nachricht zu einen bes-timmten An-wen-
 []


Underfull \hbox (badness 3758) in paragraph at lines 21--23
\OT1/ptm/m/n/10 der Funk-tion \OT1/ptm/m/it/10 mes-sage-pro-cess-ing \OT1/ptm/m
/n/10 und eine Teilung des
 []


Underfull \hbox (badness 10000) in paragraph at lines 27--29
\OT1/ptm/m/n/10 Zur besseren Iden-ti-fizierung und Klas-si-fizierung als
 []

LaTeX Font Info:    Trying to load font information for OMS+ptm on input line 3
0.
("C:\Users\bened\AppData\Local\Programs\MiKTeX 2.9\tex/latex/psnfss\omsptm.fd"
File: omsptm.fd 
)
LaTeX Font Info:    Font shape `OMS/ptm/m/n' in size <8> not available
(Font)              Font shape `OMS/cmsy/m/n' tried instead on input line 30.
[1{C:/Users/bened/AppData/Local/MiKTeX/2.9/pdftex/config/pdftex.map}


]
Underfull \hbox (badness 1609) in paragraph at lines 40--41
\OT1/ptm/m/n/10 Eine An-frage durch einen Kun-den wird unter dem im
 []


Underfull \hbox (badness 1924) in paragraph at lines 40--41
\OT1/ptm/m/n/10 Vor-feld bei der Regestrierung neu ge[]offneten Kanal in
 []

LaTeX Font Info:    Trying to load font information for TS1+ptm on input line 5
8.
("C:\Users\bened\AppData\Local\Programs\MiKTeX 2.9\tex/latex/psnfss\ts1ptm.fd"
File: ts1ptm.fd 2001/06/04 font definitions for TS1/ptm.
) [2]
<opti_findnextcar.png, id=18, 433.62pt x 428.802pt>
File: opti_findnextcar.png Graphic file (type png)
<use opti_findnextcar.png>
Package pdftex.def Info: opti_findnextcar.png  used on input line 72.
(pdftex.def)             Requested size: 216.80946pt x 214.40047pt.


LaTeX Warning: `h' float specifier changed to `ht'.


LaTeX Warning: Citation `' on page 3 undefined on input line 101.


LaTeX Warning: Citation `' on page 3 undefined on input line 101.


Underfull \hbox (badness 10000) in paragraph at lines 100--107
[]\OT1/ptm/m/n/10 F[]ur den Server ist durch die Ver-mit-tlung des
 []


Underfull \hbox (badness 2469) in paragraph at lines 100--107
\OT1/ptm/m/n/10 wurde dem Kun-den auf ef-fiziente Weise ein Fahrzeug
 []


Underfull \hbox (badness 3209) in paragraph at lines 100--107
\OT1/ptm/m/n/10 ver-mit-telt und im Falle einer Buchung eines Service-
 []


Underfull \hbox (badness 10000) in paragraph at lines 100--107
\OT1/ptm/m/n/10 Sys-te-mumge-bung der Server seinen Ein-fluss an den
 []


Underfull \hbox (badness 3260) in paragraph at lines 100--107
\OT1/ptm/m/n/10 auch in bei-den Op-ti-mierungsf[]allen []ahnliche Funk-tio-nen
 []


Underfull \hbox (badness 10000) in paragraph at lines 100--107
\OT1/ptm/m/n/10 Eine Nachricht zur Freigabe eines Fahrzeugs
 []


Underfull \hbox (badness 10000) in paragraph at lines 100--107
\OT1/ptm/m/n/10 wird mit-tels einer Nachricht []uber den Kanal
 []


Underfull \hbox (badness 10000) in paragraph at lines 100--107
\OT1/phv/m/n/10 "hsh-l/mqtt[]exercise/user/"id"/status/reset" \OT1/ptm/m/n/10 u
nd dem
 []


Underfull \hbox (badness 10000) in paragraph at lines 100--107
\OT1/ptm/m/n/10 In-halt "type" , "id" des Users und der id des
 []


Underfull \hbox (badness 10000) in paragraph at lines 100--107
\OT1/ptm/m/n/10 Fahrzeugs "id-Car" an den Server gesendet. Dieser
 []


Underfull \hbox (badness 3049) in paragraph at lines 100--107
\OT1/ptm/m/n/10 ist nun in der Lage durch den Aufruf der Funk-tion
 []


Underfull \hbox (badness 10000) in paragraph at lines 100--107
\OML/cmm/m/it/10 statusReset\OT1/cmr/m/n/10 (\OML/cmm/m/it/10 int\OT1/cmr/m/n/1
0 (\OML/cmm/m/it/10 js\OT1/cmr/m/n/10 ["\OML/cmm/m/it/10 idCar\OT1/cmr/m/n/10 "
])\OML/cmm/m/it/10 ; str\OT1/cmr/m/n/10 (\OML/cmm/m/it/10 js\OT1/cmr/m/n/10 ["\
OML/cmm/m/it/10 type\OT1/cmr/m/n/10 "]))$
 []


Underfull \hbox (badness 10000) in paragraph at lines 100--107
\OT1/ptm/m/n/10 mit-tels Fahrzeug-typ und dessen ID, dem be-nutzten
 []


Underfull \hbox (badness 10000) in paragraph at lines 100--107
\OT1/ptm/m/n/10 Fahrzeug wieder den Sta-tus "free" zuzuord-nen, ein
 []


Underfull \hbox (badness 4819) in paragraph at lines 100--107
\OT1/ptm/m/n/10 weit-erer wichtiger Schritt wird mit-tels Funk-tion-saufruf
 []


Underfull \hbox (badness 10000) in paragraph at lines 100--107
\OML/cmm/m/it/10 str\OT1/cmr/m/n/10 (\OML/cmm/m/it/10 findcarname\OT1/cmr/m/n/1
0 (\OML/cmm/m/it/10 js\OT1/cmr/m/n/10 ["\OML/cmm/m/it/10 idCar\OT1/cmr/m/n/10 "
]\OML/cmm/m/it/10 ; str\OT1/cmr/m/n/10 (\OML/cmm/m/it/10 js\OT1/cmr/m/n/10 ["\O
ML/cmm/m/it/10 type\OT1/cmr/m/n/10 "]))))$
 []


Underfull \hbox (badness 7963) in paragraph at lines 100--107
\OT1/ptm/m/n/10 vol-l-zo-gen. Ange-fragt wird der ak-tuelle Stan-dort des
 []


Underfull \hbox (badness 4752) in paragraph at lines 100--107
\OT1/ptm/m/n/10 wieder die M[]oglichkeit zu bi-eten, dem Kun-den sein
 []

[3 <./opti_findnextcar.png>])
Underfull \hbox (badness 6380) in paragraph at lines 115--85
[]\OT1/ptm/m/n/10 In der Re-alit[]at ste-hen Fahrzeuge wie Taxen oder
 []


Underfull \hbox (badness 1874) in paragraph at lines 115--85
\OT1/ptm/m/n/10 Polizeifahrzeuge sel-ten still. Aus diesem Grund ist die
 []


Underfull \hbox (badness 2512) in paragraph at lines 115--85
\OT1/ptm/m/n/10 Wahrschein-lichkeit ziem-lich hoch, dass diese Fahrzeuge
 []


Underfull \hbox (badness 3735) in paragraph at lines 115--85
\OT1/ptm/m/n/10 nach ihrer An-mel-dung im Laufe der Zeit ihre Po-si-
 []


Underfull \hbox (badness 1983) in paragraph at lines 115--85
\OT1/ptm/m/n/10 tion ver[]andern. Deswe-gen er-scheint es nur sin-nvoll, in
 []


Underfull \hbox (badness 1406) in paragraph at lines 115--85
\OT1/ptm/m/n/10 regelm[]aigen Abst[]anden deren Po-si-tion zu kontrollieren-
 []

(mqtt.tex
<mqtt_structure.png, id=24, 659.46375pt x 422.7795pt>
File: mqtt_structure.png Graphic file (type png)
<use mqtt_structure.png>
Package pdftex.def Info: mqtt_structure.png  used on input line 8.
(pdftex.def)             Requested size: 263.78082pt x 169.1088pt.

Overfull \hbox (11.78082pt too wide) in paragraph at lines 8--9
 [][] 
 []

) [4 <./mqtt_structure.png>]

** Conference Paper **
Before submitting the final camera ready copy, remember to:

 1. Manually equalize the lengths of two columns on the last page
 of your paper;

 2. Ensure that any PostScript and/or PDF output post-processing
 uses only Type 1 fonts and that every step in the generation
 process uses the appropriate paper size.

[5

] (report_mqtt_exercise.aux)

LaTeX Warning: There were undefined references.


LaTeX Warning: There were multiply-defined labels.

 ) 
Here is how much of TeX's memory you used:
 5710 strings out of 480932
 81583 string characters out of 2899905
 523900 words of memory out of 3000000
 21512 multiletter control sequences out of 15000+200000
 581797 words of font info for 124 fonts, out of 3000000 for 9000
 1141 hyphenation exceptions out of 8191
 30i,11n,40p,1429b,1299s stack positions out of 5000i,500n,10000p,200000b,50000s
{C:/Users/bened/AppData/Local/Programs/MiKTeX 2.9/fonts/enc/dvips/base/8r.enc
}<C:/Users/bened/AppData/Local/Programs/MiKTeX 2.9/fonts/type1/public/amsfonts/
cm/cmmi10.pfb><C:/Users/bened/AppData/Local/Programs/MiKTeX 2.9/fonts/type1/pub
lic/amsfonts/cm/cmmi7.pfb><C:/Users/bened/AppData/Local/Programs/MiKTeX 2.9/fon
ts/type1/public/amsfonts/cm/cmr10.pfb><C:/Users/bened/AppData/Local/Programs/Mi
KTeX 2.9/fonts/type1/public/amsfonts/cm/cmsy10.pfb><C:/Users/bened/AppData/Loca
l/Programs/MiKTeX 2.9/fonts/type1/public/amsfonts/cm/cmsy8.pfb><C:/Users/bened/
AppData/Local/Programs/MiKTeX 2.9/fonts/type1/urw/helvetic/uhvr8a.pfb><C:/Users
/bened/AppData/Local/Programs/MiKTeX 2.9/fonts/type1/urw/times/utmb8a.pfb><C:/U
sers/bened/AppData/Local/Programs/MiKTeX 2.9/fonts/type1/urw/times/utmbi8a.pfb>
<C:/Users/bened/AppData/Local/Programs/MiKTeX 2.9/fonts/type1/urw/times/utmr8a.
pfb><C:/Users/bened/AppData/Local/Programs/MiKTeX 2.9/fonts/type1/urw/times/utm
ri8a.pfb>
Output written on report_mqtt_exercise.pdf (5 pages, 415102 bytes).
PDF statistics:
 64 PDF objects out of 1000 (max. 8388607)
 0 named destinations out of 1000 (max. 500000)
 11 words of extra memory for PDF output out of 10000 (max. 10000000)

