This is pdfTeX, Version 3.141592653-2.6-1.40.22 (MiKTeX 21.3) (preloaded format=pdflatex 2021.4.28)  12 JUL 2021 11:54
entering extended mode
**./report_mqtt_exercise.tex
(report_mqtt_exercise.tex
LaTeX2e <2020-10-01> patch level 4
L3 programming layer <2021-02-18>
(C:\Users\bened\AppData\Local\Programs\MiKTeX\tex/latex/ieeetran\IEEEtran.cls
Document Class: IEEEtran 2015/08/26 V1.8b by Michael Shell
-- See the "IEEEtran_HOWTO" manual for usage information.
-- http://www.michaelshell.org/tex/ieeetran/
\@IEEEtrantmpdimenA=\dimen138
\@IEEEtrantmpdimenB=\dimen139
\@IEEEtrantmpdimenC=\dimen140
\@IEEEtrantmpcountA=\count179
\@IEEEtrantmpcountB=\count180
\@IEEEtrantmpcountC=\count181
\@IEEEtrantmptoksA=\toks15
LaTeX Font Info:    Trying to load font information for OT1+ptm on input line 5
03.
(C:\Users\bened\AppData\Local\Programs\MiKTeX\tex/latex/psnfss\ot1ptm.fd
File: ot1ptm.fd 2001/06/04 font definitions for OT1/ptm.
)
-- Using 8.5in x 11in (letter) paper.
-- Using PDF output.
\@IEEEnormalsizeunitybaselineskip=\dimen141
-- This is a 10 point document.
\CLASSINFOnormalsizebaselineskip=\dimen142
\CLASSINFOnormalsizeunitybaselineskip=\dimen143
\IEEEnormaljot=\dimen144
LaTeX Font Info:    Font shape `OT1/ptm/bx/n' in size <5> not available
(Font)              Font shape `OT1/ptm/b/n' tried instead on input line 1090.
LaTeX Font Info:    Font shape `OT1/ptm/bx/it' in size <5> not available
(Font)              Font shape `OT1/ptm/b/it' tried instead on input line 1090.

LaTeX Font Info:    Font shape `OT1/ptm/bx/n' in size <7> not available
(Font)              Font shape `OT1/ptm/b/n' tried instead on input line 1090.
LaTeX Font Info:    Font shape `OT1/ptm/bx/it' in size <7> not available
(Font)              Font shape `OT1/ptm/b/it' tried instead on input line 1090.

LaTeX Font Info:    Font shape `OT1/ptm/bx/n' in size <8> not available
(Font)              Font shape `OT1/ptm/b/n' tried instead on input line 1090.
LaTeX Font Info:    Font shape `OT1/ptm/bx/it' in size <8> not available
(Font)              Font shape `OT1/ptm/b/it' tried instead on input line 1090.

LaTeX Font Info:    Font shape `OT1/ptm/bx/n' in size <9> not available
(Font)              Font shape `OT1/ptm/b/n' tried instead on input line 1090.
LaTeX Font Info:    Font shape `OT1/ptm/bx/it' in size <9> not available
(Font)              Font shape `OT1/ptm/b/it' tried instead on input line 1090.

LaTeX Font Info:    Font shape `OT1/ptm/bx/n' in size <10> not available
(Font)              Font shape `OT1/ptm/b/n' tried instead on input line 1090.
LaTeX Font Info:    Font shape `OT1/ptm/bx/it' in size <10> not available
(Font)              Font shape `OT1/ptm/b/it' tried instead on input line 1090.

LaTeX Font Info:    Font shape `OT1/ptm/bx/n' in size <11> not available
(Font)              Font shape `OT1/ptm/b/n' tried instead on input line 1090.
LaTeX Font Info:    Font shape `OT1/ptm/bx/it' in size <11> not available
(Font)              Font shape `OT1/ptm/b/it' tried instead on input line 1090.

LaTeX Font Info:    Font shape `OT1/ptm/bx/n' in size <12> not available
(Font)              Font shape `OT1/ptm/b/n' tried instead on input line 1090.
LaTeX Font Info:    Font shape `OT1/ptm/bx/it' in size <12> not available
(Font)              Font shape `OT1/ptm/b/it' tried instead on input line 1090.

LaTeX Font Info:    Font shape `OT1/ptm/bx/n' in size <17> not available
(Font)              Font shape `OT1/ptm/b/n' tried instead on input line 1090.
LaTeX Font Info:    Font shape `OT1/ptm/bx/it' in size <17> not available
(Font)              Font shape `OT1/ptm/b/it' tried instead on input line 1090.

LaTeX Font Info:    Font shape `OT1/ptm/bx/n' in size <20> not available
(Font)              Font shape `OT1/ptm/b/n' tried instead on input line 1090.
LaTeX Font Info:    Font shape `OT1/ptm/bx/it' in size <20> not available
(Font)              Font shape `OT1/ptm/b/it' tried instead on input line 1090.

LaTeX Font Info:    Font shape `OT1/ptm/bx/n' in size <24> not available
(Font)              Font shape `OT1/ptm/b/n' tried instead on input line 1090.
LaTeX Font Info:    Font shape `OT1/ptm/bx/it' in size <24> not available
(Font)              Font shape `OT1/ptm/b/it' tried instead on input line 1090.

\IEEEquantizedlength=\dimen145
\IEEEquantizedlengthdiff=\dimen146
\IEEEquantizedtextheightdiff=\dimen147
\IEEEilabelindentA=\dimen148
\IEEEilabelindentB=\dimen149
\IEEEilabelindent=\dimen150
\IEEEelabelindent=\dimen151
\IEEEdlabelindent=\dimen152
\IEEElabelindent=\dimen153
\IEEEiednormlabelsep=\dimen154
\IEEEiedmathlabelsep=\dimen155
\IEEEiedtopsep=\skip47
\c@section=\count182
\c@subsection=\count183
\c@subsubsection=\count184
\c@paragraph=\count185
\c@IEEEsubequation=\count186
\abovecaptionskip=\skip48
\belowcaptionskip=\skip49
\c@figure=\count187
\c@table=\count188
\@IEEEeqnnumcols=\count189
\@IEEEeqncolcnt=\count190
\@IEEEsubeqnnumrollback=\count191
\@IEEEquantizeheightA=\dimen156
\@IEEEquantizeheightB=\dimen157
\@IEEEquantizeheightC=\dimen158
\@IEEEquantizeprevdepth=\dimen159
\@IEEEquantizemultiple=\count192
\@IEEEquantizeboxA=\box47
\@IEEEtmpitemindent=\dimen160
\IEEEPARstartletwidth=\dimen161
\c@IEEEbiography=\count193
\@IEEEtranrubishbin=\box48
)
** ATTENTION: Overriding command lockouts (line 2).
(C:\Users\bened\AppData\Local\Programs\MiKTeX\tex/latex/cite\cite.sty
LaTeX Info: Redefining \cite on input line 302.
LaTeX Info: Redefining \nocite on input line 332.
Package: cite 2015/02/27  v 5.5
)
(C:\Users\bened\AppData\Local\Programs\MiKTeX\tex/latex/amsmath\amsmath.sty
Package: amsmath 2020/09/23 v2.17i AMS math features
\@mathmargin=\skip50

For additional information on amsmath, use the `?' option.
(C:\Users\bened\AppData\Local\Programs\MiKTeX\tex/latex/amsmath\amstext.sty
Package: amstext 2000/06/29 v2.01 AMS text

(C:\Users\bened\AppData\Local\Programs\MiKTeX\tex/latex/amsmath\amsgen.sty
File: amsgen.sty 1999/11/30 v2.0 generic functions
\@emptytoks=\toks16
\ex@=\dimen162
))
(C:\Users\bened\AppData\Local\Programs\MiKTeX\tex/latex/amsmath\amsbsy.sty
Package: amsbsy 1999/11/29 v1.2d Bold Symbols
\pmbraise@=\dimen163
)
(C:\Users\bened\AppData\Local\Programs\MiKTeX\tex/latex/amsmath\amsopn.sty
Package: amsopn 2016/03/08 v2.02 operator names
)
\inf@bad=\count194
LaTeX Info: Redefining \frac on input line 234.
\uproot@=\count195
\leftroot@=\count196
LaTeX Info: Redefining \overline on input line 399.
\classnum@=\count197
\DOTSCASE@=\count198
LaTeX Info: Redefining \ldots on input line 496.
LaTeX Info: Redefining \dots on input line 499.
LaTeX Info: Redefining \cdots on input line 620.
\Mathstrutbox@=\box49
\strutbox@=\box50
\big@size=\dimen164
LaTeX Font Info:    Redeclaring font encoding OML on input line 743.
LaTeX Font Info:    Redeclaring font encoding OMS on input line 744.
\macc@depth=\count199
\c@MaxMatrixCols=\count266
\dotsspace@=\muskip16
\c@parentequation=\count267
\dspbrk@lvl=\count268
\tag@help=\toks17
\row@=\count269
\column@=\count270
\maxfields@=\count271
\andhelp@=\toks18
\eqnshift@=\dimen165
\alignsep@=\dimen166
\tagshift@=\dimen167
\tagwidth@=\dimen168
\totwidth@=\dimen169
\lineht@=\dimen170
\@envbody=\toks19
\multlinegap=\skip51
\multlinetaggap=\skip52
\mathdisplay@stack=\toks20
LaTeX Info: Redefining \[ on input line 2923.
LaTeX Info: Redefining \] on input line 2924.
)
(C:\Users\bened\AppData\Local\Programs\MiKTeX\tex/latex/amsfonts\amssymb.sty
Package: amssymb 2013/01/14 v3.01 AMS font symbols

(C:\Users\bened\AppData\Local\Programs\MiKTeX\tex/latex/amsfonts\amsfonts.sty
Package: amsfonts 2013/01/14 v3.01 Basic AMSFonts support
\symAMSa=\mathgroup4
\symAMSb=\mathgroup5
LaTeX Font Info:    Redeclaring math symbol \hbar on input line 98.
LaTeX Font Info:    Overwriting math alphabet `\mathfrak' in version `bold'
(Font)                  U/euf/m/n --> U/euf/b/n on input line 106.
))
(C:\Users\bened\AppData\Local\Programs\MiKTeX\tex/latex/algorithms\algorithmic.
sty
Package: algorithmic 2009/08/24 v0.1 Document Style `algorithmic'
 (C:\Users\bened\AppData\Local\Programs\MiKTeX\tex/latex/base\ifthen.sty
Package: ifthen 2014/09/29 v1.1c Standard LaTeX ifthen package (DPC)
)
(C:\Users\bened\AppData\Local\Programs\MiKTeX\tex/latex/graphics\keyval.sty
Package: keyval 2014/10/28 v1.15 key=value parser (DPC)
\KV@toks@=\toks21
)
\c@ALC@unique=\count272
\c@ALC@line=\count273
\c@ALC@rem=\count274
\c@ALC@depth=\count275
\ALC@tlm=\skip53
\algorithmicindent=\skip54
)
(C:\Users\bened\AppData\Local\Programs\MiKTeX\tex/latex/graphics\graphicx.sty
Package: graphicx 2020/09/09 v1.2b Enhanced LaTeX Graphics (DPC,SPQR)

(C:\Users\bened\AppData\Local\Programs\MiKTeX\tex/latex/graphics\graphics.sty
Package: graphics 2020/08/30 v1.4c Standard LaTeX Graphics (DPC,SPQR)

(C:\Users\bened\AppData\Local\Programs\MiKTeX\tex/latex/graphics\trig.sty
Package: trig 2016/01/03 v1.10 sin cos tan (DPC)
)
(C:\Users\bened\AppData\Local\Programs\MiKTeX\tex/latex/graphics-cfg\graphics.c
fg
File: graphics.cfg 2016/06/04 v1.11 sample graphics configuration
)
Package graphics Info: Driver file: pdftex.def on input line 105.

(C:\Users\bened\AppData\Local\Programs\MiKTeX\tex/latex/graphics-def\pdftex.def
File: pdftex.def 2020/10/05 v1.2a Graphics/color driver for pdftex
))
\Gin@req@height=\dimen171
\Gin@req@width=\dimen172
) (C:\Users\bened\AppData\Local\Programs\MiKTeX\tex/latex/base\textcomp.sty
Package: textcomp 2020/02/02 v2.0n Standard LaTeX package
)
(C:\Users\bened\AppData\Local\Programs\MiKTeX\tex/latex/xcolor\xcolor.sty
Package: xcolor 2016/05/11 v2.12 LaTeX color extensions (UK)

(C:\Users\bened\AppData\Local\Programs\MiKTeX\tex/latex/graphics-cfg\color.cfg
File: color.cfg 2016/01/02 v1.6 sample color configuration
)
Package xcolor Info: Driver file: pdftex.def on input line 225.
Package xcolor Info: Model `cmy' substituted by `cmy0' on input line 1348.
Package xcolor Info: Model `hsb' substituted by `rgb' on input line 1352.
Package xcolor Info: Model `RGB' extended on input line 1364.
Package xcolor Info: Model `HTML' substituted by `rgb' on input line 1366.
Package xcolor Info: Model `Hsb' substituted by `hsb' on input line 1367.
Package xcolor Info: Model `tHsb' substituted by `hsb' on input line 1368.
Package xcolor Info: Model `HSB' substituted by `hsb' on input line 1369.
Package xcolor Info: Model `Gray' substituted by `gray' on input line 1370.
Package xcolor Info: Model `wave' substituted by `hsb' on input line 1371.
) (C:\Users\bened\AppData\Local\Programs\MiKTeX\tex/latex/listings\listings.sty
\lst@mode=\count276
\lst@gtempboxa=\box51
\lst@token=\toks22
\lst@length=\count277
\lst@currlwidth=\dimen173
\lst@column=\count278
\lst@pos=\count279
\lst@lostspace=\dimen174
\lst@width=\dimen175
\lst@newlines=\count280
\lst@lineno=\count281
\lst@maxwidth=\dimen176
(C:\Users\bened\AppData\Local\Programs\MiKTeX\tex/latex/listings\lstmisc.sty
File: lstmisc.sty 2020/03/24 1.8d (Carsten Heinz)
\c@lstnumber=\count282
\lst@skipnumbers=\count283
\lst@framebox=\box52
)
(C:\Users\bened\AppData\Local\Programs\MiKTeX\tex/latex/listings\listings.cfg
File: listings.cfg 2020/03/24 1.8d listings configuration
))
Package: listings 2020/03/24 1.8d (Carsten Heinz)

(C:\Users\bened\AppData\Local\Programs\MiKTeX\tex/latex/l3backend\l3backend-pdf
tex.def
File: l3backend-pdftex.def 2021-03-18 L3 backend support: PDF output (pdfTeX)
\l__color_backend_stack_int=\count284
\l__pdf_internal_box=\box53
) (report_mqtt_exercise.aux

LaTeX Warning: Label `lst:code_direct' multiply defined.


LaTeX Warning: Label `lst:code_direct' multiply defined.


LaTeX Warning: Label `lst:code_direct' multiply defined.


LaTeX Warning: Label `lst:code_direct' multiply defined.


LaTeX Warning: Label `lst:code_direct' multiply defined.


LaTeX Warning: Label `lst:code_direct' multiply defined.


LaTeX Warning: Label `lst:code_direct' multiply defined.


LaTeX Warning: Label `lst:code_direct' multiply defined.


LaTeX Warning: Label `lst:code_direct' multiply defined.


LaTeX Warning: Label `lst:code_direct' multiply defined.


LaTeX Warning: Label `lst:code_direct' multiply defined.


LaTeX Warning: Label `lst:code_direct' multiply defined.


LaTeX Warning: Label `lst:code_direct' multiply defined.


LaTeX Warning: Label `lst:code_direct' multiply defined.


LaTeX Warning: Label `lst:code_direct' multiply defined.


LaTeX Warning: Label `lst:code_direct' multiply defined.


LaTeX Warning: Label `lst:code_direct' multiply defined.


LaTeX Warning: Label `lst:code_direct' multiply defined.


LaTeX Warning: Label `lst:code_direct' multiply defined.

)
\openout1 = `report_mqtt_exercise.aux'.

LaTeX Font Info:    Checking defaults for OML/cmm/m/it on input line 18.
LaTeX Font Info:    ... okay on input line 18.
LaTeX Font Info:    Checking defaults for OMS/cmsy/m/n on input line 18.
LaTeX Font Info:    ... okay on input line 18.
LaTeX Font Info:    Checking defaults for OT1/cmr/m/n on input line 18.
LaTeX Font Info:    ... okay on input line 18.
LaTeX Font Info:    Checking defaults for T1/cmr/m/n on input line 18.
LaTeX Font Info:    ... okay on input line 18.
LaTeX Font Info:    Checking defaults for TS1/cmr/m/n on input line 18.
LaTeX Font Info:    ... okay on input line 18.
LaTeX Font Info:    Checking defaults for OMX/cmex/m/n on input line 18.
LaTeX Font Info:    ... okay on input line 18.
LaTeX Font Info:    Checking defaults for U/cmr/m/n on input line 18.
LaTeX Font Info:    ... okay on input line 18.

-- Lines per column: 56 (exact).

(C:\Users\bened\AppData\Local\Programs\MiKTeX\tex/context/base/mkii\supp-pdf.mk
ii
[Loading MPS to PDF converter (version 2006.09.02).]
\scratchcounter=\count285
\scratchdimen=\dimen177
\scratchbox=\box54
\nofMPsegments=\count286
\nofMParguments=\count287
\everyMPshowfont=\toks23
\MPscratchCnt=\count288
\MPscratchDim=\dimen178
\MPnumerator=\count289
\makeMPintoPDFobject=\count290
\everyMPtoPDFconversion=\toks24
)
(C:\Users\bened\AppData\Local\Programs\MiKTeX\tex/latex/epstopdf-pkg\epstopdf-b
ase.sty
Package: epstopdf-base 2020-01-24 v2.11 Base part for package epstopdf
Package epstopdf-base Info: Redefining graphics rule for `.eps' on input line 4
85.

(C:\Users\bened\AppData\Local\Programs\MiKTeX\tex/latex/00miktex\epstopdf-sys.c
fg
File: epstopdf-sys.cfg 2021/03/18 v2.0 Configuration of epstopdf for MiKTeX
))
\c@lstlisting=\count291

(C:\Users\bened\AppData\Local\Programs\MiKTeX\tex/latex/listings\lstlang1.sty
File: lstlang1.sty 2020/03/24 1.8d listings language file
)
LaTeX Font Info:    Calculating math sizes for size <11> on input line 64.
LaTeX Font Info:    Trying to load font information for U+msa on input line 64.


(C:\Users\bened\AppData\Local\Programs\MiKTeX\tex/latex/amsfonts\umsa.fd
File: umsa.fd 2013/01/14 v3.01 AMS symbols A
)
LaTeX Font Info:    Trying to load font information for U+msb on input line 64.


(C:\Users\bened\AppData\Local\Programs\MiKTeX\tex/latex/amsfonts\umsb.fd
File: umsb.fd 2013/01/14 v3.01 AMS symbols B
)
(Abstract.tex) (Einleitung.tex [1{C:/Users/bened/AppData/Local/MiKTeX/pdftex/co
nfig/pdftex.map}


]) (Diagramme.tex
<Bsp_requirments.png, id=8, 398.6895pt x 257.16075pt>
File: Bsp_requirments.png Graphic file (type png)
<use Bsp_requirments.png>
Package pdftex.def Info: Bsp_requirments.png  used on input line 45.
(pdftex.def)             Requested size: 247.6778pt x 159.75584pt.
<Use-Case_Server.png, id=10, 585.387pt x 340.8735pt>
File: Use-Case_Server.png Graphic file (type png)
<use Use-Case_Server.png>
Package pdftex.def Info: Use-Case_Server.png  used on input line 86.
(pdftex.def)             Requested size: 247.6778pt x 144.22174pt.
) (mqtt.tex [2 <./Bsp_requirments.png> <./Use-Case_Server.png>]
<mqtt_structure.png, id=15, 659.46375pt x 422.7795pt>
File: mqtt_structure.png Graphic file (type png)
<use mqtt_structure.png>
Package pdftex.def Info: mqtt_structure.png  used on input line 9.
(pdftex.def)             Requested size: 263.78082pt x 169.1088pt.

Overfull \hbox (11.78082pt too wide) in paragraph at lines 9--10
 [][] 
 []

LaTeX Font Info:    Trying to load font information for OT1+phv on input line 1
4.
(C:\Users\bened\AppData\Local\Programs\MiKTeX\tex/latex/psnfss\ot1phv.fd
File: ot1phv.fd 2020/03/25 scalable font definitions for OT1/phv.
))
(Warumwurdewasbenutzt.tex) (ServicesCode.tex
LaTeX Font Info:    Trying to load font information for OMS+ptm on input line 1
9.

(C:\Users\bened\AppData\Local\Programs\MiKTeX\tex/latex/psnfss\omsptm.fd
File: omsptm.fd 
)
LaTeX Font Info:    Font shape `OMS/ptm/m/n' in size <8> not available
(Font)              Font shape `OMS/cmsy/m/n' tried instead on input line 19.

Overfull \hbox (2.40259pt too wide) in paragraph at lines 25--26
[][][][][][][][][][][][][][][][][][][][][][][][][][][][][][][][][][][][][][][][
][][][][][][][][] 
 []

[3 <./mqtt_structure.png>]
Overfull \hbox (16.80273pt too wide) in paragraph at lines 89--91
[][][][][][][][][][][][][][][][][][][][][][][][][][][][][][][][][][][][][][][][
] 
 []

) (User_Documentation.tex
Underfull \hbox (badness 10000) in paragraph at lines 2--5

 []


Underfull \hbox (badness 4556) in paragraph at lines 2--5
\OT1/ptm/m/n/10 Im er-sten Schritt nach Pro-gramm-start wird der User
 []


Overfull \hbox (45.60303pt too wide) in paragraph at lines 41--42
[][][][][][][][][][][][][][][][][][][][][][][][][][][][][][][][][][][][][][][][
][][][][][][][][][][][][] 
 []

[4]
Overfull \hbox (117.60376pt too wide) in paragraph at lines 58--59
[][][][][][][][][][][][][][][][][][][][][][][][][][][][][][][][][][][][][][][][
][][][][][][][][][][][][][][][][][][][][][][][][][][][][][][][] 
 []

) (TaxiCode.tex) (server.tex

LaTeX Warning: `h' float specifier changed to `ht'.


Underfull \hbox (badness 2261) in paragraph at lines 13--13
\OT1/ptm/m/n/10 ak-tiven, freien Fahrzeuge auszuw[]ahlen und an-der-er-seits,
 []


Underfull \hbox (badness 1418) in paragraph at lines 13--13
\OT1/ptm/m/n/10 Clients reagieren zu k[]onnen, muss der ini-tia-tive Schritt
 []


Underfull \hbox (badness 10000) in paragraph at lines 13--13
\OT1/ptm/m/n/10 durch den Client er-fol-gen. Zur Reg-istrierung sendet
 []


Underfull \hbox (badness 2096) in paragraph at lines 13--13
\OT1/ptm/m/n/10 der Client eine Nachricht mit-tels MQTT-Protokoll []uber
 []


Underfull \hbox (badness 5036) in paragraph at lines 13--13
\OT1/ptm/m/n/10 die Adressen des Users oder der Fahrzeug-typen mit
 []


Underfull \hbox (badness 10000) in paragraph at lines 13--13
\OT1/ptm/m/n/10 dem er-sten Teil \OT1/phv/m/n/10 "adresse = hsh-l/mqtt[]exercis
e/"
 []


Underfull \hbox (badness 6775) in paragraph at lines 13--13
\OT1/ptm/m/n/10 und der En-dung des jew-eili-gen Fahrzeug-typen, also:
 []


Underfull \hbox (badness 10000) in paragraph at lines 13--13
\OT1/phv/m/n/10 "user,taxi,police,firefighter,ambulance" \OT1/ptm/m/n/10 an den
 Server.
 []


Underfull \hbox (badness 1983) in paragraph at lines 19--21
\OT1/ptm/m/n/10 Zuord-nung der Nachricht zu einen bes-timmten An-wen-
 []


Underfull \hbox (badness 3758) in paragraph at lines 19--21
\OT1/ptm/m/n/10 der Funk-tion \OT1/ptm/m/it/10 mes-sage-pro-cess-ing \OT1/ptm/m
/n/10 und eine Teilung des
 []


Underfull \hbox (badness 10000) in paragraph at lines 25--27
\OT1/ptm/m/n/10 Zur besseren Iden-ti-fizierung und Klas-si-fizierung als
 []

[5]
Underfull \hbox (badness 1609) in paragraph at lines 38--39
\OT1/ptm/m/n/10 Eine An-frage durch einen Kun-den wird unter dem im
 []


Underfull \hbox (badness 1924) in paragraph at lines 38--39
\OT1/ptm/m/n/10 Vor-feld bei der Regestrierung neu ge[]offneten Kanal in
 []

LaTeX Font Info:    Trying to load font information for TS1+ptm on input line 5
6.
(C:\Users\bened\AppData\Local\Programs\MiKTeX\tex/latex/psnfss\ts1ptm.fd
File: ts1ptm.fd 2001/06/04 font definitions for TS1/ptm.
)
[6]
<opti_findnextcar.png, id=36, 433.62pt x 428.802pt>
File: opti_findnextcar.png Graphic file (type png)
<use opti_findnextcar.png>
Package pdftex.def Info: opti_findnextcar.png  used on input line 70.
(pdftex.def)             Requested size: 216.80946pt x 214.40047pt.

Underfull \hbox (badness 10000) in paragraph at lines 98--105
[]\OT1/ptm/m/n/10 F[]ur den Server ist durch die Ver-mit-tlung des
 []


Underfull \hbox (badness 2469) in paragraph at lines 98--105
\OT1/ptm/m/n/10 wurde dem Kun-den auf ef-fiziente Weise ein Fahrzeug
 []


Underfull \hbox (badness 3209) in paragraph at lines 98--105
\OT1/ptm/m/n/10 ver-mit-telt und im Falle einer Buchung eines Service-
 []


Underfull \hbox (badness 10000) in paragraph at lines 98--105
\OT1/ptm/m/n/10 Sys-te-mumge-bung der Server seinen Ein-fluss an den
 []


Underfull \hbox (badness 3260) in paragraph at lines 98--105
\OT1/ptm/m/n/10 auch in bei-den Op-ti-mierungsf[]allen []ahnliche Funk-tio-nen
 []


Underfull \hbox (badness 10000) in paragraph at lines 98--105
\OT1/ptm/m/n/10 Eine Nachricht zur Freigabe eines Fahrzeugs
 []


Underfull \hbox (badness 10000) in paragraph at lines 98--105
\OT1/ptm/m/n/10 wird mit-tels einer Nachricht []uber den Kanal
 []


Underfull \hbox (badness 10000) in paragraph at lines 98--105
\OT1/phv/m/n/10 "hsh-l/mqtt[]exercise/user/"id"/status/reset" \OT1/ptm/m/n/10 u
nd dem
 []


Underfull \hbox (badness 10000) in paragraph at lines 98--105
\OT1/ptm/m/n/10 In-halt "type" , "id" des Users und der id des
 []


Underfull \hbox (badness 10000) in paragraph at lines 98--105
\OT1/ptm/m/n/10 Fahrzeugs "id-Car" an den Server gesendet. Dieser
 []


Underfull \hbox (badness 3049) in paragraph at lines 98--105
\OT1/ptm/m/n/10 ist nun in der Lage durch den Aufruf der Funk-tion
 []


Underfull \hbox (badness 10000) in paragraph at lines 98--105
\OML/cmm/m/it/10 statusReset\OT1/cmr/m/n/10 (\OML/cmm/m/it/10 int\OT1/cmr/m/n/1
0 (\OML/cmm/m/it/10 js\OT1/cmr/m/n/10 ["\OML/cmm/m/it/10 idCar\OT1/cmr/m/n/10 "
])\OML/cmm/m/it/10 ; str\OT1/cmr/m/n/10 (\OML/cmm/m/it/10 js\OT1/cmr/m/n/10 ["\
OML/cmm/m/it/10 type\OT1/cmr/m/n/10 "]))$
 []


Underfull \hbox (badness 10000) in paragraph at lines 98--105
\OT1/ptm/m/n/10 mit-tels Fahrzeug-typ und dessen ID, dem be-nutzten
 []


Underfull \hbox (badness 10000) in paragraph at lines 98--105
\OT1/ptm/m/n/10 Fahrzeug wieder den Sta-tus "free" zuzuord-nen, ein
 []


Underfull \hbox (badness 4819) in paragraph at lines 98--105
\OT1/ptm/m/n/10 weit-erer wichtiger Schritt wird mit-tels Funk-tion-saufruf
 []


Underfull \hbox (badness 10000) in paragraph at lines 98--105
\OML/cmm/m/it/10 str\OT1/cmr/m/n/10 (\OML/cmm/m/it/10 findcarname\OT1/cmr/m/n/1
0 (\OML/cmm/m/it/10 js\OT1/cmr/m/n/10 ["\OML/cmm/m/it/10 idCar\OT1/cmr/m/n/10 "
]\OML/cmm/m/it/10 ; str\OT1/cmr/m/n/10 (\OML/cmm/m/it/10 js\OT1/cmr/m/n/10 ["\O
ML/cmm/m/it/10 type\OT1/cmr/m/n/10 "]))))$
 []


Underfull \hbox (badness 7963) in paragraph at lines 98--105
\OT1/ptm/m/n/10 vol-l-zo-gen. Ange-fragt wird der ak-tuelle Stan-dort des
 []


Underfull \hbox (badness 4752) in paragraph at lines 98--105
\OT1/ptm/m/n/10 wieder die M[]oglichkeit zu bi-eten, dem Kun-den sein
 []

[7 <./opti_findnextcar.png>]) (Fazit.tex
Underfull \hbox (badness 6380) in paragraph at lines 113--1
[]\OT1/ptm/m/n/10 In der Re-alit[]at ste-hen Fahrzeuge wie Taxen oder
 []


Underfull \hbox (badness 1874) in paragraph at lines 113--1
\OT1/ptm/m/n/10 Polizeifahrzeuge sel-ten still. Aus diesem Grund ist die
 []


Underfull \hbox (badness 2512) in paragraph at lines 113--1
\OT1/ptm/m/n/10 Wahrschein-lichkeit ziem-lich hoch, dass diese Fahrzeuge
 []


Underfull \hbox (badness 3735) in paragraph at lines 113--1
\OT1/ptm/m/n/10 nach ihrer An-mel-dung im Laufe der Zeit ihre Po-si-
 []


Underfull \hbox (badness 1983) in paragraph at lines 113--1
\OT1/ptm/m/n/10 tion ver[]andern. Deswe-gen er-scheint es nur sin-nvoll, in
 []


Underfull \hbox (badness 1406) in paragraph at lines 113--1
\OT1/ptm/m/n/10 regelm[]aigen Abst[]anden deren Po-si-tion zu kontrollieren-
 []

)

** Conference Paper **
Before submitting the final camera ready copy, remember to:

 1. Manually equalize the lengths of two columns on the last page
 of your paper;

 2. Ensure that any PostScript and/or PDF output post-processing
 uses only Type 1 fonts and that every step in the generation
 process uses the appropriate paper size.

[8] (report_mqtt_exercise.aux)

LaTeX Warning: There were multiply-defined labels.

 ) 
Here is how much of TeX's memory you used:
 5840 strings out of 479321
 84297 string characters out of 2856583
 628893 words of memory out of 3000000
 23213 multiletter control sequences out of 15000+600000
 445930 words of font info for 115 fonts, out of 8000000 for 9000
 1141 hyphenation exceptions out of 8191
 68i,11n,74p,1414b,1613s stack positions out of 5000i,500n,10000p,200000b,80000s
{C:/Users/bened/AppData/Local/Programs/MiKTeX/fonts/enc/dvips/base/8r.enc}<C:
/Users/bened/AppData/Local/Programs/MiKTeX/fonts/type1/public/amsfonts/cm/cmmi1
0.pfb><C:/Users/bened/AppData/Local/Programs/MiKTeX/fonts/type1/public/amsfonts
/cm/cmmi7.pfb><C:/Users/bened/AppData/Local/Programs/MiKTeX/fonts/type1/public/
amsfonts/cm/cmr10.pfb><C:/Users/bened/AppData/Local/Programs/MiKTeX/fonts/type1
/public/amsfonts/cm/cmsy10.pfb><C:/Users/bened/AppData/Local/Programs/MiKTeX/fo
nts/type1/public/amsfonts/cm/cmsy7.pfb><C:/Users/bened/AppData/Local/Programs/M
iKTeX/fonts/type1/public/amsfonts/cm/cmsy8.pfb><C:/Users/bened/AppData/Local/Pr
ograms/MiKTeX/fonts/type1/urw/helvetic/uhvr8a.pfb><C:/Users/bened/AppData/Local
/Programs/MiKTeX/fonts/type1/urw/times/utmb8a.pfb><C:/Users/bened/AppData/Local
/Programs/MiKTeX/fonts/type1/urw/times/utmr8a.pfb><C:/Users/bened/AppData/Local
/Programs/MiKTeX/fonts/type1/urw/times/utmri8a.pfb>
Output written on report_mqtt_exercise.pdf (8 pages, 488101 bytes).
PDF statistics:
 78 PDF objects out of 1000 (max. 8388607)
 0 named destinations out of 1000 (max. 500000)
 21 words of extra memory for PDF output out of 10000 (max. 10000000)

